time="2026-04-17T02:08:50Z" level=warning msg="/root/doc-skillhub/docker-compose.yml: `version` is obsolete"
 Container doc-skillhub-nginx-1  Stopping
 Container doc-skillhub-nginx-1  Stopped
 Container doc-skillhub-nginx-1  Removing
 Container doc-skillhub-nginx-1  Removed
 Container doc-skillhub-backend-1  Stopping
 Container doc-skillhub-backend-1  Stopped
 Container doc-skillhub-backend-1  Removing
 Container doc-skillhub-backend-1  Removed
 Network doc-skillhub_default  Removing
 Network doc-skillhub_default  Removed
 Network doc-skillhub_default  Creating
 Network doc-skillhub_default  Created
 Container doc-skillhub-backend-1  Creating
 Container doc-skillhub-backend-1  Created
 Container doc-skillhub-nginx-1  Creating
 Container doc-skillhub-nginx-1  Created
 Container doc-skillhub-backend-1  Starting
 Container doc-skillhub-backend-1  Started
 Container doc-skillhub-nginx-1  Starting
 Container doc-skillhub-nginx-1  Started
