time="2026-04-17T01:28:26Z" level=warning msg="/root/doc-skillhub/docker-compose.yml: `version` is obsolete"
#0 building with "default" instance using docker driver

#1 [backend internal] load build definition from Dockerfile
#1 transferring dockerfile: 378B done
#1 DONE 0.0s

#2 [backend internal] load metadata for docker.io/library/python:3.11-slim
#2 DONE 0.4s

#3 [backend internal] load .dockerignore
#3 transferring context: 2B done
#3 DONE 0.0s

#4 [backend 1/6] FROM docker.io/library/python:3.11-slim@sha256:233de06753d30d120b1a3ce359d8d3be8bda78524cd8f520c99883bfe33964cf
#4 DONE 0.0s

#5 [backend internal] load build context
#5 transferring context: 396B done
#5 DONE 0.0s

#6 [backend 2/6] WORKDIR /app
#6 CACHED

#7 [backend 3/6] COPY requirements.txt .
#7 DONE 0.0s

#8 [backend 4/6] RUN pip install --no-cache-dir -r requirements.txt
#8 17.72 Collecting fastapi==0.104.1 (from -r requirements.txt (line 1))
#8 18.55   Downloading fastapi-0.104.1-py3-none-any.whl.metadata (24 kB)
#8 39.70 ERROR: Could not find a version that satisfies the requirement uvicorn==0.24.0.post1 (from versions: none)
#8 39.70 ERROR: No matching distribution found for uvicorn==0.24.0.post1
#8 42.01 
#8 42.01 [notice] A new release of pip is available: 24.0 -> 26.0.1
#8 42.01 [notice] To update, run: pip install --upgrade pip
#8 ERROR: process "/bin/sh -c pip install --no-cache-dir -r requirements.txt" did not complete successfully: exit code: 1
------
 > [backend 4/6] RUN pip install --no-cache-dir -r requirements.txt:
17.72 Collecting fastapi==0.104.1 (from -r requirements.txt (line 1))
18.55   Downloading fastapi-0.104.1-py3-none-any.whl.metadata (24 kB)
39.70 ERROR: Could not find a version that satisfies the requirement uvicorn==0.24.0.post1 (from versions: none)
39.70 ERROR: No matching distribution found for uvicorn==0.24.0.post1
42.01 
42.01 [notice] A new release of pip is available: 24.0 -> 26.0.1
42.01 [notice] To update, run: pip install --upgrade pip
------
failed to solve: process "/bin/sh -c pip install --no-cache-dir -r requirements.txt" did not complete successfully: exit code: 1
