time="2026-04-17T01:26:57Z" level=warning msg="/root/doc-skillhub/docker-compose.yml: `version` is obsolete"
#0 building with "default" instance using docker driver

#1 [backend internal] load build definition from Dockerfile
#1 transferring dockerfile: 378B done
#1 DONE 0.0s

#2 [backend internal] load metadata for docker.io/library/python:3.11-slim
#2 DONE 2.8s

#3 [backend internal] load .dockerignore
#3 transferring context: 2B done
#3 DONE 0.0s

#4 [backend internal] load build context
#4 transferring context: 23.04kB 0.0s done
#4 DONE 0.0s

#5 [backend 1/6] FROM docker.io/library/python:3.11-slim@sha256:233de06753d30d120b1a3ce359d8d3be8bda78524cd8f520c99883bfe33964cf
#5 resolve docker.io/library/python:3.11-slim@sha256:233de06753d30d120b1a3ce359d8d3be8bda78524cd8f520c99883bfe33964cf done
#5 sha256:ad65166ad2583036804a3f772ec8f1cad733cf77d631c6840ab1ea9231b6b350 1.75kB / 1.75kB done
#5 sha256:d1a45c0fb43d72e0c013ee97d460aa8f49f2c1bbd588b17a558cc6f7078b4276 5.48kB / 5.48kB done
#5 sha256:5435b2dcdf5cb7faa0d5b1d4d54be2c72a776fab9a605336f5067d6e9ecb5976 0B / 29.78MB 0.1s
#5 sha256:37ffa6577b04e98598e2c10432eb8c66cfc1af6c7698b21c6163f8334606aa14 0B / 1.29MB 0.1s
#5 sha256:d98f36ba21593a4014243f41ec9c5370abd34f4f65a5d074e41bce23f5f6a165 0B / 14.37MB 0.1s
#5 sha256:233de06753d30d120b1a3ce359d8d3be8bda78524cd8f520c99883bfe33964cf 10.37kB / 10.37kB done
#5 sha256:5435b2dcdf5cb7faa0d5b1d4d54be2c72a776fab9a605336f5067d6e9ecb5976 2.10MB / 29.78MB 2.7s
#5 sha256:5435b2dcdf5cb7faa0d5b1d4d54be2c72a776fab9a605336f5067d6e9ecb5976 5.24MB / 29.78MB 3.3s
#5 sha256:5435b2dcdf5cb7faa0d5b1d4d54be2c72a776fab9a605336f5067d6e9ecb5976 7.34MB / 29.78MB 4.1s
#5 sha256:5435b2dcdf5cb7faa0d5b1d4d54be2c72a776fab9a605336f5067d6e9ecb5976 9.44MB / 29.78MB 4.6s
#5 sha256:5435b2dcdf5cb7faa0d5b1d4d54be2c72a776fab9a605336f5067d6e9ecb5976 11.53MB / 29.78MB 5.0s
#5 sha256:37ffa6577b04e98598e2c10432eb8c66cfc1af6c7698b21c6163f8334606aa14 0B / 1.29MB 5.2s
#5 sha256:d98f36ba21593a4014243f41ec9c5370abd34f4f65a5d074e41bce23f5f6a165 0B / 14.37MB 5.2s
#5 sha256:5435b2dcdf5cb7faa0d5b1d4d54be2c72a776fab9a605336f5067d6e9ecb5976 13.63MB / 29.78MB 5.7s
#5 sha256:5435b2dcdf5cb7faa0d5b1d4d54be2c72a776fab9a605336f5067d6e9ecb5976 17.83MB / 29.78MB 6.6s
#5 sha256:5435b2dcdf5cb7faa0d5b1d4d54be2c72a776fab9a605336f5067d6e9ecb5976 19.92MB / 29.78MB 7.3s
#5 sha256:5435b2dcdf5cb7faa0d5b1d4d54be2c72a776fab9a605336f5067d6e9ecb5976 22.02MB / 29.78MB 8.0s
#5 sha256:5435b2dcdf5cb7faa0d5b1d4d54be2c72a776fab9a605336f5067d6e9ecb5976 24.12MB / 29.78MB 8.2s
#5 sha256:5435b2dcdf5cb7faa0d5b1d4d54be2c72a776fab9a605336f5067d6e9ecb5976 27.26MB / 29.78MB 9.1s
#5 sha256:5435b2dcdf5cb7faa0d5b1d4d54be2c72a776fab9a605336f5067d6e9ecb5976 29.78MB / 29.78MB 9.8s
#5 sha256:5435b2dcdf5cb7faa0d5b1d4d54be2c72a776fab9a605336f5067d6e9ecb5976 29.78MB / 29.78MB 9.8s done
#5 extracting sha256:5435b2dcdf5cb7faa0d5b1d4d54be2c72a776fab9a605336f5067d6e9ecb5976 0.1s
#5 sha256:0816ee351b60c03c7a77a3f50c717891eedd927f4e6a1d59f6cce05268065606 0B / 251B 9.9s
#5 sha256:37ffa6577b04e98598e2c10432eb8c66cfc1af6c7698b21c6163f8334606aa14 0B / 1.29MB 10.3s
#5 sha256:d98f36ba21593a4014243f41ec9c5370abd34f4f65a5d074e41bce23f5f6a165 0B / 14.37MB 10.3s
#5 sha256:d98f36ba21593a4014243f41ec9c5370abd34f4f65a5d074e41bce23f5f6a165 1.05MB / 14.37MB 10.9s
#5 sha256:d98f36ba21593a4014243f41ec9c5370abd34f4f65a5d074e41bce23f5f6a165 2.10MB / 14.37MB 11.0s
#5 extracting sha256:5435b2dcdf5cb7faa0d5b1d4d54be2c72a776fab9a605336f5067d6e9ecb5976 1.2s done
#5 sha256:d98f36ba21593a4014243f41ec9c5370abd34f4f65a5d074e41bce23f5f6a165 3.15MB / 14.37MB 11.3s
#5 sha256:d98f36ba21593a4014243f41ec9c5370abd34f4f65a5d074e41bce23f5f6a165 5.24MB / 14.37MB 11.6s
#5 sha256:0816ee351b60c03c7a77a3f50c717891eedd927f4e6a1d59f6cce05268065606 251B / 251B 11.5s done
#5 sha256:d98f36ba21593a4014243f41ec9c5370abd34f4f65a5d074e41bce23f5f6a165 6.29MB / 14.37MB 12.1s
#5 sha256:d98f36ba21593a4014243f41ec9c5370abd34f4f65a5d074e41bce23f5f6a165 8.39MB / 14.37MB 12.3s
#5 sha256:37ffa6577b04e98598e2c10432eb8c66cfc1af6c7698b21c6163f8334606aa14 1.05MB / 1.29MB 12.8s
#5 sha256:37ffa6577b04e98598e2c10432eb8c66cfc1af6c7698b21c6163f8334606aa14 1.29MB / 1.29MB 12.8s done
#5 sha256:d98f36ba21593a4014243f41ec9c5370abd34f4f65a5d074e41bce23f5f6a165 9.44MB / 14.37MB 12.9s
#5 extracting sha256:37ffa6577b04e98598e2c10432eb8c66cfc1af6c7698b21c6163f8334606aa14 0.1s
#5 sha256:d98f36ba21593a4014243f41ec9c5370abd34f4f65a5d074e41bce23f5f6a165 11.53MB / 14.37MB 13.1s
#5 extracting sha256:37ffa6577b04e98598e2c10432eb8c66cfc1af6c7698b21c6163f8334606aa14 0.1s done
#5 sha256:d98f36ba21593a4014243f41ec9c5370abd34f4f65a5d074e41bce23f5f6a165 12.58MB / 14.37MB 13.6s
#5 sha256:d98f36ba21593a4014243f41ec9c5370abd34f4f65a5d074e41bce23f5f6a165 13.63MB / 14.37MB 13.8s
#5 sha256:d98f36ba21593a4014243f41ec9c5370abd34f4f65a5d074e41bce23f5f6a165 14.37MB / 14.37MB 14.0s done
#5 extracting sha256:d98f36ba21593a4014243f41ec9c5370abd34f4f65a5d074e41bce23f5f6a165
#5 extracting sha256:d98f36ba21593a4014243f41ec9c5370abd34f4f65a5d074e41bce23f5f6a165 0.8s done
#5 extracting sha256:0816ee351b60c03c7a77a3f50c717891eedd927f4e6a1d59f6cce05268065606
#5 extracting sha256:0816ee351b60c03c7a77a3f50c717891eedd927f4e6a1d59f6cce05268065606 done
#5 DONE 14.9s

#6 [backend 2/6] WORKDIR /app
#6 DONE 0.3s

#7 [backend 3/6] COPY requirements.txt .
#7 DONE 0.0s

#8 [backend 4/6] RUN pip install --no-cache-dir -r requirements.txt
#8 8.074 Collecting fastapi==0.104.1 (from -r requirements.txt (line 1))
#8 9.944   Downloading fastapi-0.104.1-py3-none-any.whl.metadata (24 kB)
#8 25.19 ERROR: Could not find a version that satisfies the requirement uvicorn==0.24.0 (from versions: none)
#8 25.19 ERROR: No matching distribution found for uvicorn==0.24.0
#8 28.14 
#8 28.14 [notice] A new release of pip is available: 24.0 -> 26.0.1
#8 28.14 [notice] To update, run: pip install --upgrade pip
#8 ERROR: process "/bin/sh -c pip install --no-cache-dir -r requirements.txt" did not complete successfully: exit code: 1
------
 > [backend 4/6] RUN pip install --no-cache-dir -r requirements.txt:
8.074 Collecting fastapi==0.104.1 (from -r requirements.txt (line 1))
9.944   Downloading fastapi-0.104.1-py3-none-any.whl.metadata (24 kB)
25.19 ERROR: Could not find a version that satisfies the requirement uvicorn==0.24.0 (from versions: none)
25.19 ERROR: No matching distribution found for uvicorn==0.24.0
28.14 
28.14 [notice] A new release of pip is available: 24.0 -> 26.0.1
28.14 [notice] To update, run: pip install --upgrade pip
------
failed to solve: process "/bin/sh -c pip install --no-cache-dir -r requirements.txt" did not complete successfully: exit code: 1
