time="2026-04-17T01:29:39Z" level=warning msg="/root/doc-skillhub/docker-compose.yml: `version` is obsolete"
#0 building with "default" instance using docker driver

#1 [backend internal] load build definition from Dockerfile
#1 transferring dockerfile: 378B done
#1 DONE 0.0s

#2 [backend internal] load metadata for docker.io/library/python:3.11-slim
#2 DONE 0.3s

#3 [backend internal] load .dockerignore
#3 transferring context: 2B done
#3 DONE 0.0s

#4 [backend 1/6] FROM docker.io/library/python:3.11-slim@sha256:233de06753d30d120b1a3ce359d8d3be8bda78524cd8f520c99883bfe33964cf
#4 DONE 0.0s

#5 [backend internal] load build context
#5 transferring context: 390B done
#5 DONE 0.0s

#6 [backend 2/6] WORKDIR /app
#6 CACHED

#7 [backend 3/6] COPY requirements.txt .
#7 DONE 0.0s

#8 [backend 4/6] RUN pip install --no-cache-dir -r requirements.txt
#8 13.99 Collecting fastapi==0.104.1 (from -r requirements.txt (line 1))
#8 29.55   WARNING: Retrying (Retry(total=4, connect=None, read=None, redirect=None, status=None)) after connection broken by 'ReadTimeoutError("HTTPSConnectionPool(host='files.pythonhosted.org', port=443): Read timed out. (read timeout=15)")': /packages/f3/4f/0ce34195b63240b6693086496c9bab4ef23999112184399a3e88854c7674/fastapi-0.104.1-py3-none-any.whl.metadata
#8 52.88   WARNING: Retrying (Retry(total=3, connect=None, read=None, redirect=None, status=None)) after connection broken by 'ReadTimeoutError("HTTPSConnectionPool(host='files.pythonhosted.org', port=443): Read timed out. (read timeout=15)")': /packages/f3/4f/0ce34195b63240b6693086496c9bab4ef23999112184399a3e88854c7674/fastapi-0.104.1-py3-none-any.whl.metadata
#8 59.68   Downloading fastapi-0.104.1-py3-none-any.whl.metadata (24 kB)
#8 69.99 Collecting uvicorn==0.17.0 (from uvicorn[standard]==0.17.0->-r requirements.txt (line 2))
#8 70.20   Downloading uvicorn-0.17.0-py3-none-any.whl.metadata (4.7 kB)
#8 72.21 Collecting python-multipart==0.0.6 (from -r requirements.txt (line 3))
#8 72.35   Downloading python_multipart-0.0.6-py3-none-any.whl.metadata (2.5 kB)
#8 90.21 Collecting pydantic==2.5.0 (from -r requirements.txt (line 4))
#8 90.33   Downloading pydantic-2.5.0-py3-none-any.whl.metadata (174 kB)
#8 95.16      ━━━━━━━━━━━━━━━━━━━━━━━━━━━━━━━━━━━━━━ 174.6/174.6 kB 34.4 kB/s eta 0:00:00
#8 96.23 Collecting anyio<4.0.0,>=3.7.1 (from fastapi==0.104.1->-r requirements.txt (line 1))
#8 96.40   Downloading anyio-3.7.1-py3-none-any.whl.metadata (4.7 kB)
#8 99.53 Collecting starlette<0.28.0,>=0.27.0 (from fastapi==0.104.1->-r requirements.txt (line 1))
#8 99.65   Downloading starlette-0.27.0-py3-none-any.whl.metadata (5.8 kB)
#8 102.8 Collecting typing-extensions>=4.8.0 (from fastapi==0.104.1->-r requirements.txt (line 1))
#8 103.0   Downloading typing_extensions-4.15.0-py3-none-any.whl.metadata (3.3 kB)
#8 105.0 Collecting asgiref>=3.4.0 (from uvicorn==0.17.0->uvicorn[standard]==0.17.0->-r requirements.txt (line 2))
#8 105.3   Downloading asgiref-3.11.1-py3-none-any.whl.metadata (9.3 kB)
#8 107.9 Collecting click>=7.0 (from uvicorn==0.17.0->uvicorn[standard]==0.17.0->-r requirements.txt (line 2))
#8 108.0   Downloading click-8.3.2-py3-none-any.whl.metadata (2.6 kB)
#8 110.3 Collecting h11>=0.8 (from uvicorn==0.17.0->uvicorn[standard]==0.17.0->-r requirements.txt (line 2))
#8 110.5   Downloading h11-0.16.0-py3-none-any.whl.metadata (8.3 kB)
#8 112.4 Collecting annotated-types>=0.4.0 (from pydantic==2.5.0->-r requirements.txt (line 4))
#8 112.6   Downloading annotated_types-0.7.0-py3-none-any.whl.metadata (15 kB)
#8 180.8 Collecting pydantic-core==2.14.1 (from pydantic==2.5.0->-r requirements.txt (line 4))
#8 180.9   Downloading pydantic_core-2.14.1-cp311-cp311-manylinux_2_17_x86_64.manylinux2014_x86_64.whl.metadata (6.5 kB)
#8 197.2 INFO: pip is looking at multiple versions of uvicorn[standard] to determine which version is compatible with other requirements. This could take a while.
#8 197.3 ERROR: Could not find a version that satisfies the requirement websockets>=10.0; extra == "standard" (from uvicorn[standard]) (from versions: none)
#8 197.3 ERROR: No matching distribution found for websockets>=10.0; extra == "standard"
#8 ERROR: process "/bin/sh -c pip install --no-cache-dir -r requirements.txt" did not complete successfully: exit code: 1
------
 > [backend 4/6] RUN pip install --no-cache-dir -r requirements.txt:
108.0   Downloading click-8.3.2-py3-none-any.whl.metadata (2.6 kB)
110.3 Collecting h11>=0.8 (from uvicorn==0.17.0->uvicorn[standard]==0.17.0->-r requirements.txt (line 2))
110.5   Downloading h11-0.16.0-py3-none-any.whl.metadata (8.3 kB)
112.4 Collecting annotated-types>=0.4.0 (from pydantic==2.5.0->-r requirements.txt (line 4))
112.6   Downloading annotated_types-0.7.0-py3-none-any.whl.metadata (15 kB)
180.8 Collecting pydantic-core==2.14.1 (from pydantic==2.5.0->-r requirements.txt (line 4))
180.9   Downloading pydantic_core-2.14.1-cp311-cp311-manylinux_2_17_x86_64.manylinux2014_x86_64.whl.metadata (6.5 kB)
197.2 INFO: pip is looking at multiple versions of uvicorn[standard] to determine which version is compatible with other requirements. This could take a while.
197.3 ERROR: Could not find a version that satisfies the requirement websockets>=10.0; extra == "standard" (from uvicorn[standard]) (from versions: none)
197.3 ERROR: No matching distribution found for websockets>=10.0; extra == "standard"
------
failed to solve: process "/bin/sh -c pip install --no-cache-dir -r requirements.txt" did not complete successfully: exit code: 1
